Unity Editor version:    2020.3.23f1 (c5d91304a876)
Branch:                  2020.3/staging
Build type:              Release
Batch mode:              YES
System name:             Linux
Distro version:          #45~20.04.1-Ubuntu SMP Wed Nov 10 10:20:10 UTC 2021
Kernel version:          5.11.0-41-generic
Architecture:            x86_64
Available memory:        7869 MB
Using pre-set license
Pro License: NO
Desktop is 1366 x 768 @ 60 Hz

COMMAND LINE ARGUMENTS:
Unity
-adb2
-batchMode
-noUpm
-name
AssetImportWorker0
-projectPath
/home/mir/Documents/unity/ludo2d
-logFile
Logs/AssetImportWorker0.log
-srvPort
46569
Successfully changed project path to: /home/mir/Documents/unity/ludo2d
/home/mir/Documents/unity/ludo2d
Using Asset Import Pipeline V2.
Refreshing native plugins compatible for Editor in 46.97 ms, found 1 plugins.
Preloading 0 native plugins for Editor in 0.00 ms.
Initialize engine version: 2020.3.23f1 (c5d91304a876)
[Subsystems] Discovering subsystems at path /home/mir/Unity/Hub/Editor/2020.3.23f1/Editor/Data/Resources/UnitySubsystems
[Subsystems] Discovering subsystems at path /home/mir/Documents/unity/ludo2d/Assets
GLX Extensions: GLX_ARB_create_context GLX_ARB_create_context_no_error GLX_ARB_create_context_profile GLX_ARB_create_context_robustness GLX_ARB_fbconfig_float GLX_ARB_framebuffer_sRGB GLX_ARB_get_proc_address GLX_ARB_multisample GLX_EXT_buffer_age GLX_EXT_create_context_es2_profile GLX_EXT_create_context_es_profile GLX_EXT_fbconfig_packed_float GLX_EXT_framebuffer_sRGB GLX_EXT_import_context GLX_EXT_swap_control GLX_EXT_swap_control_tear GLX_EXT_texture_from_pixmap GLX_EXT_visual_info GLX_EXT_visual_rating GLX_INTEL_swap_event GLX_MESA_copy_sub_buffer GLX_MESA_query_renderer GLX_MESA_swap_control GLX_OML_swap_method GLX_OML_sync_control GLX_SGIS_multisample GLX_SGIX_fbconfig GLX_SGIX_pbuffer GLX_SGIX_visual_select_group GLX_SGI_make_current_read GLX_SGI_swap_control GLX_SGI_video_sync 
Renderer: Mesa Intel(R) UHD Graphics 620 (KBL GT2)
Vendor:   Intel
Version:  4.6 (Core Profile) Mesa 21.0.3
GLES:     0
 GL_3DFX_texture_compression_FXT1 GL_AMD_conservative_depth GL_AMD_depth_clamp_separate GL_AMD_draw_buffers_blend GL_AMD_gpu_shader_int64 GL_AMD_multi_draw_indirect GL_AMD_performance_monitor GL_AMD_pinned_memory GL_AMD_query_buffer_object GL_AMD_seamless_cubemap_per_texture GL_AMD_shader_stencil_export GL_AMD_shader_trinary_minmax GL_AMD_texture_texture4 GL_AMD_vertex_shader_layer GL_AMD_vertex_shader_viewport_index GL_ANGLE_texture_compression_dxt3 GL_ANGLE_texture_compression_dxt5 GL_ARB_ES2_compatibility GL_ARB_ES3_1_compatibility GL_ARB_ES3_2_compatibility GL_ARB_ES3_compatibility GL_ARB_arrays_of_arrays GL_ARB_base_instance GL_ARB_blend_func_extended GL_ARB_buffer_storage GL_ARB_clear_buffer_object GL_ARB_clear_texture GL_ARB_clip_control GL_ARB_compressed_texture_pixel_storage GL_ARB_compute_shader GL_ARB_compute_variable_group_size GL_ARB_conditional_render_inverted GL_ARB_conservative_depth GL_ARB_copy_buffer GL_ARB_copy_image GL_ARB_cull_distance GL_ARB_debug_output GL_ARB_depth_buffer_float GL_ARB
_depth_clamp GL_ARB_derivative_control GL_ARB_direct_state_access GL_ARB_draw_buffers GL_ARB_draw_buffers_blend GL_ARB_draw_elements_base_vertex GL_ARB_draw_indirect GL_ARB_draw_instanced GL_ARB_enhanced_layouts GL_ARB_explicit_attrib_location GL_ARB_explicit_uniform_location GL_ARB_fragment_coord_conventions GL_ARB_fragment_layer_viewport GL_ARB_fragment_shader GL_ARB_fragment_shader_interlock GL_ARB_framebuffer_no_attachments GL_ARB_framebuffer_object GL_ARB_framebuffer_sRGB GL_ARB_get_program_binary GL_ARB_get_texture_sub_image GL_ARB_gl_spirv GL_ARB_gpu_shader5 GL_ARB_gpu_shader_fp64 GL_ARB_gpu_shader_int64 GL_ARB_half_float_pixel GL_ARB_half_float_vertex GL_ARB_indirect_parameters GL_ARB_instanced_arrays GL_ARB_internalformat_query GL_ARB_internalformat_query2 GL_ARB_invalidate_subdata GL_ARB_map_buffer_alignment GL_ARB_map_buffer_range GL_ARB_multi_bind GL_ARB_multi_draw_indirect GL_ARB_occlusion_query2 GL_ARB_parallel_shader_compile GL_ARB_pipeline_statistics_query GL_ARB_pixel_buffer_object GL_ARB_po
int_sprite GL_ARB_polygon_offset_clamp GL_ARB_post_depth_coverage GL_ARB_program_interface_query GL_ARB_provoking_vertex GL_ARB_query_buffer_object GL_ARB_robust_buffer_access_behavior GL_ARB_robustness GL_ARB_sample_shading GL_ARB_sampler_objects GL_ARB_seamless_cube_map GL_ARB_seamless_cubemap_per_texture GL_ARB_separate_shader_objects GL_ARB_shader_atomic_counter_ops GL_ARB_shader_atomic_counters GL_ARB_shader_ballot GL_ARB_shader_bit_encoding GL_ARB_shader_clock GL_ARB_shader_draw_parameters GL_ARB_shader_group_vote GL_ARB_shader_image_load_store GL_ARB_shader_image_size GL_ARB_shader_objects GL_ARB_shader_precision GL_ARB_shader_stencil_export GL_ARB_shader_storage_buffer_object GL_ARB_shader_subroutine GL_ARB_shader_texture_image_samples GL_ARB_shader_texture_lod GL_ARB_shader_viewport_layer_array GL_ARB_shading_language_420pack GL_ARB_shading_language_include GL_ARB_shading_language_packing GL_ARB_spirv_extensions GL_ARB_stencil_texturing GL_ARB_sync GL_ARB_tessellation_shader GL_ARB_texture_barrier G
L_ARB_texture_buffer_object GL_ARB_texture_buffer_object_rgb32 GL_ARB_texture_buffer_range GL_ARB_texture_compression_bptc GL_ARB_texture_compression_rgtc GL_ARB_texture_cube_map_array GL_ARB_texture_filter_anisotropic GL_ARB_texture_float GL_ARB_texture_gather GL_ARB_texture_mirror_clamp_to_edge GL_ARB_texture_multisample GL_ARB_texture_non_power_of_two GL_ARB_texture_query_levels GL_ARB_texture_query_lod GL_ARB_texture_rectangle GL_ARB_texture_rg GL_ARB_texture_rgb10_a2ui GL_ARB_texture_stencil8 GL_ARB_texture_storage GL_ARB_texture_storage_multisample GL_ARB_texture_swizzle GL_ARB_texture_view GL_ARB_timer_query GL_ARB_transform_feedback2 GL_ARB_transform_feedback3 GL_ARB_transform_feedback_instanced GL_ARB_transform_feedback_overflow_query GL_ARB_uniform_buffer_object GL_ARB_vertex_array_bgra GL_ARB_vertex_array_object GL_ARB_vertex_attrib_64bit GL_ARB_vertex_attrib_binding GL_ARB_vertex_buffer_object GL_ARB_vertex_shader GL_ARB_vertex_type_10f_11f_11f_rev GL_ARB_vertex_type_2_10_10_10_rev GL_ARB_viewpor
t_array GL_ATI_blend_equation_separate GL_ATI_texture_float GL_EXT_EGL_image_storage GL_EXT_EGL_sync GL_EXT_abgr GL_EXT_blend_equation_separate GL_EXT_demote_to_helper_invocation GL_EXT_draw_buffers2 GL_EXT_draw_instanced GL_EXT_framebuffer_blit GL_EXT_framebuffer_multisample GL_EXT_framebuffer_multisample_blit_scaled GL_EXT_framebuffer_object GL_EXT_framebuffer_sRGB GL_EXT_packed_depth_stencil GL_EXT_packed_float GL_EXT_pixel_buffer_object GL_EXT_polygon_offset_clamp GL_EXT_provoking_vertex GL_EXT_semaphore GL_EXT_semaphore_fd GL_EXT_shader_framebuffer_fetch GL_EXT_shader_framebuffer_fetch_non_coherent GL_EXT_shader_integer_mix GL_EXT_shader_samples_identical GL_EXT_texture_array GL_EXT_texture_compression_dxt1 GL_EXT_texture_compression_rgtc GL_EXT_texture_compression_s3tc GL_EXT_texture_filter_anisotropic GL_EXT_texture_integer GL_EXT_texture_sRGB GL_EXT_texture_sRGB_R8 GL_EXT_texture_sRGB_decode GL_EXT_texture_shadow_lod GL_EXT_texture_shared_exponent GL_EXT_texture_snorm GL_EXT_texture_swizzle GL_EXT_ti
mer_query GL_EXT_transform_feedback GL_EXT_vertex_array_bgra GL_EXT_vertex_attrib_64bit GL_IBM_multimode_draw_arrays GL_INTEL_blackhole_render GL_INTEL_conservative_rasterization GL_INTEL_performance_query GL_INTEL_shader_atomic_float_minmax GL_INTEL_shader_integer_functions2 GL_KHR_blend_equation_advanced GL_KHR_blend_equation_advanced_coherent GL_KHR_context_flush_control GL_KHR_debug GL_KHR_no_error GL_KHR_parallel_shader_compile GL_KHR_robust_buffer_access_behavior GL_KHR_robustness GL_KHR_texture_compression_astc_ldr GL_KHR_texture_compression_astc_sliced_3d GL_MESA_framebuffer_flip_y GL_MESA_pack_invert GL_MESA_shader_integer_functions GL_MESA_texture_signed_rgba GL_NV_compute_shader_derivatives GL_NV_conditional_render GL_NV_copy_image GL_NV_depth_clamp GL_NV_fragment_shader_interlock GL_NV_packed_depth_stencil GL_NV_texture_barrier GL_OES_EGL_image GL_S3_s3tc
OPENGL LOG: Creating OpenGL 4.6 graphics device ; Context level  <OpenGL 4.5> ; Context handle 664881328
Initialize mono
Mono path[0] = '/home/mir/Unity/Hub/Editor/2020.3.23f1/Editor/Data/Managed'
Mono path[1] = '/home/mir/Unity/Hub/Editor/2020.3.23f1/Editor/Data/MonoBleedingEdge/lib/mono/unityjit'
Mono config path = '/home/mir/Unity/Hub/Editor/2020.3.23f1/Editor/Data/MonoBleedingEdge/etc'
Using monoOptions --debugger-agent=transport=dt_socket,embedding=1,server=y,suspend=n,address=127.0.0.1:56813
Begin MonoManager ReloadAssembly
Registering precompiled unity dll's ...
Register platform support module: /home/mir/Unity/Hub/Editor/2020.3.23f1/Editor/Data/PlaybackEngines/WebGLSupport/UnityEditor.WebGL.Extensions.dll
Register platform support module: /home/mir/Unity/Hub/Editor/2020.3.23f1/Editor/Data/PlaybackEngines/LinuxStandaloneSupport/UnityEditor.LinuxStandalone.Extensions.dll
Registered in 0.001554 seconds.
Native extension for LinuxStandalone target not found
Native extension for WebGL target not found
Refreshing native plugins compatible for Editor in 44.90 ms, found 1 plugins.
Preloading 0 native plugins for Editor in 0.00 ms.
Mono: successfully reloaded assembly
- Completed reload, in  0.600 seconds
Domain Reload Profiling:
	ReloadAssembly (600ms)
		BeginReloadAssembly (32ms)
			ExecutionOrderSort (0ms)
			DisableScriptedObjects (0ms)
			BackupInstance (0ms)
			ReleaseScriptingObjects (0ms)
			CreateAndSetChildDomain (1ms)
		EndReloadAssembly (492ms)
			LoadAssemblies (31ms)
			RebuildTransferFunctionScriptingTraits (0ms)
			SetupTypeCache (162ms)
			ReleaseScriptCaches (0ms)
			RebuildScriptCaches (37ms)
			SetupLoadedEditorAssemblies (197ms)
				LogAssemblyErrors (0ms)
				InitializePlatformSupportModulesInManaged (5ms)
				SetLoadedEditorAssemblies (1ms)
				RefreshPlugins (45ms)
				BeforeProcessingInitializeOnLoad (9ms)
				ProcessInitializeOnLoadAttributes (105ms)
				ProcessInitializeOnLoadMethodAttributes (31ms)
				AfterProcessingInitializeOnLoad (0ms)
				EditorAssembliesLoaded (0ms)
			ExecutionOrderSort2 (0ms)
			AwakeInstancesAfterBackupRestoration (0ms)
Platform modules already initialized, skipping
Registering precompiled user dll's ...
Registered in 0.003154 seconds.
Begin MonoManager ReloadAssembly
Native extension for LinuxStandalone target not found
Native extension for WebGL target not found
Refreshing native plugins compatible for Editor in 44.06 ms, found 1 plugins.
Preloading 0 native plugins for Editor in 0.00 ms.
Mono: successfully reloaded assembly
- Completed reload, in  1.174 seconds
Domain Reload Profiling:
	ReloadAssembly (1174ms)
		BeginReloadAssembly (128ms)
			ExecutionOrderSort (0ms)
			DisableScriptedObjects (5ms)
			BackupInstance (0ms)
			ReleaseScriptingObjects (0ms)
			CreateAndSetChildDomain (19ms)
		EndReloadAssembly (983ms)
			LoadAssemblies (75ms)
			RebuildTransferFunctionScriptingTraits (0ms)
			SetupTypeCache (336ms)
			ReleaseScriptCaches (0ms)
			RebuildScriptCaches (58ms)
			SetupLoadedEditorAssemblies (377ms)
				LogAssemblyErrors (0ms)
				InitializePlatformSupportModulesInManaged (5ms)
				SetLoadedEditorAssemblies (0ms)
				RefreshPlugins (44ms)
				BeforeProcessingInitializeOnLoad (72ms)
				ProcessInitializeOnLoadAttributes (234ms)
				ProcessInitializeOnLoadMethodAttributes (18ms)
				AfterProcessingInitializeOnLoad (5ms)
				EditorAssembliesLoaded (0ms)
			ExecutionOrderSort2 (0ms)
			AwakeInstancesAfterBackupRestoration (8ms)
Platform modules already initialized, skipping
========================================================================
Worker process is ready to serve import requests
Launched and connected shader compiler UnityShaderCompiler after 0.01 seconds
Refreshing native plugins compatible for Editor in 0.47 ms, found 1 plugins.
Preloading 0 native plugins for Editor in 0.00 ms.
Unloading 2192 Unused Serialized files (Serialized files now loaded: 0)
System memory in use before: 90.2 MB.
System memory in use after: 90.2 MB.

Unloading 28 unused Assets to reduce memory usage. Loaded Objects now: 2627.
Total: 5.645006 ms (FindLiveObjects: 0.240589 ms CreateObjectMapping: 0.113894 ms MarkObjects: 5.052219 ms  DeleteObjects: 0.236803 ms)

AssetImportParameters requested are different than current active one (requested -> active):
  custom:video-decoder-ogg-theora: a1e56fd34408186e4bbccfd4996cb3dc -> 
  custom:container-muxer-webm: aa71ff27fc2769a1b78a27578f13a17b -> 
  custom:container-demuxer-webm: 4f35f7cbe854078d1ac9338744f61a02 -> 
  custom:container-demuxer-ogg: 62fdf1f143b41e24485cea50d1cbac27 -> 
  custom:video-encoder-webm-vp8: eb34c28f22e8b96e1ab97ce403110664 -> 
  custom:video-decoder-webm-vp8: 9c59270c3fd7afecdb556c50c9e8de78 -> 
  custom:audio-decoder-ogg-vorbis: bf7c407c2cedff20999df2af8eb42d56 -> 
  custom:audio-encoder-webm-vorbis: bf7c407c2cedff20999df2af8eb42d56 -> 
========================================================================
Received Import Request.
  path: Assets/Scenes/SampleScene.unity
  artifactKey: Guid(2cda990e2423bbf4892e6590ba056729) Importer(815301076,1909f56bfc062723c751e8b465ee728b)
Start importing Assets/Scenes/SampleScene.unity using Guid(2cda990e2423bbf4892e6590ba056729) Importer(815301076,1909f56bfc062723c751e8b465ee728b)  -> (artifact id: '214216f3d98e12a467efceee72ffe4d5') in 0.027225 seconds 
  Import took 0.031167 seconds .

========================================================================
Received Prepare
Registering precompiled user dll's ...
Registered in 0.003702 seconds.
Begin MonoManager ReloadAssembly
Native extension for LinuxStandalone target not found
Native extension for WebGL target not found
Refreshing native plugins compatible for Editor in 0.48 ms, found 1 plugins.
Preloading 0 native plugins for Editor in 0.00 ms.
Mono: successfully reloaded assembly
- Completed reload, in  1.131 seconds
Domain Reload Profiling:
	ReloadAssembly (1132ms)
		BeginReloadAssembly (107ms)
			ExecutionOrderSort (0ms)
			DisableScriptedObjects (7ms)
			BackupInstance (0ms)
			ReleaseScriptingObjects (0ms)
			CreateAndSetChildDomain (46ms)
		EndReloadAssembly (958ms)
			LoadAssemblies (77ms)
			RebuildTransferFunctionScriptingTraits (0ms)
			SetupTypeCache (340ms)
			ReleaseScriptCaches (1ms)
			RebuildScriptCaches (57ms)
			SetupLoadedEditorAssemblies (344ms)
				LogAssemblyErrors (0ms)
				InitializePlatformSupportModulesInManaged (7ms)
				SetLoadedEditorAssemblies (1ms)
				RefreshPlugins (0ms)
				BeforeProcessingInitializeOnLoad (78ms)
				ProcessInitializeOnLoadAttributes (241ms)
				ProcessInitializeOnLoadMethodAttributes (12ms)
				AfterProcessingInitializeOnLoad (5ms)
				EditorAssembliesLoaded (0ms)
			ExecutionOrderSort2 (0ms)
			AwakeInstancesAfterBackupRestoration (11ms)
Platform modules already initialized, skipping
Refreshing native plugins compatible for Editor in 0.84 ms, found 1 plugins.
Preloading 0 native plugins for Editor in 0.00 ms.
Unloading 2181 Unused Serialized files (Serialized files now loaded: 0)
System memory in use before: 89.6 MB.
System memory in use after: 89.7 MB.

Unloading 17 unused Assets to reduce memory usage. Loaded Objects now: 2629.
Total: 10.367326 ms (FindLiveObjects: 0.325375 ms CreateObjectMapping: 0.126865 ms MarkObjects: 9.809142 ms  DeleteObjects: 0.103633 ms)

AssetImportParameters requested are different than current active one (requested -> active):
  custom:video-decoder-ogg-theora: a1e56fd34408186e4bbccfd4996cb3dc -> 
  custom:container-muxer-webm: aa71ff27fc2769a1b78a27578f13a17b -> 
  custom:container-demuxer-webm: 4f35f7cbe854078d1ac9338744f61a02 -> 
  custom:container-demuxer-ogg: 62fdf1f143b41e24485cea50d1cbac27 -> 
  custom:video-encoder-webm-vp8: eb34c28f22e8b96e1ab97ce403110664 -> 
  custom:video-decoder-webm-vp8: 9c59270c3fd7afecdb556c50c9e8de78 -> 
  custom:audio-decoder-ogg-vorbis: bf7c407c2cedff20999df2af8eb42d56 -> 
  custom:audio-encoder-webm-vorbis: bf7c407c2cedff20999df2af8eb42d56 -> 
========================================================================
Received Prepare
Registering precompiled user dll's ...
Registered in 0.003076 seconds.
Begin MonoManager ReloadAssembly
Native extension for LinuxStandalone target not found
Native extension for WebGL target not found
Refreshing native plugins compatible for Editor in 0.47 ms, found 1 plugins.
Preloading 0 native plugins for Editor in 0.00 ms.
Mono: successfully reloaded assembly
- Completed reload, in  1.062 seconds
Domain Reload Profiling:
	ReloadAssembly (1063ms)
		BeginReloadAssembly (90ms)
			ExecutionOrderSort (0ms)
			DisableScriptedObjects (7ms)
			BackupInstance (0ms)
			ReleaseScriptingObjects (0ms)
			CreateAndSetChildDomain (35ms)
		EndReloadAssembly (908ms)
			LoadAssemblies (71ms)
			RebuildTransferFunctionScriptingTraits (0ms)
			SetupTypeCache (320ms)
			ReleaseScriptCaches (1ms)
			RebuildScriptCaches (53ms)
			SetupLoadedEditorAssemblies (325ms)
				LogAssemblyErrors (0ms)
				InitializePlatformSupportModulesInManaged (6ms)
				SetLoadedEditorAssemblies (1ms)
				RefreshPlugins (0ms)
				BeforeProcessingInitializeOnLoad (74ms)
				ProcessInitializeOnLoadAttributes (228ms)
				ProcessInitializeOnLoadMethodAttributes (11ms)
				AfterProcessingInitializeOnLoad (5ms)
				EditorAssembliesLoaded (0ms)
			ExecutionOrderSort2 (0ms)
			AwakeInstancesAfterBackupRestoration (10ms)
Platform modules already initialized, skipping
Switching build target platform(24) subTarget(0) extendedPlatform(0) -> platform(13) subTarget(537395200) extendedPlatform(0)
Refreshing native plugins compatible for Editor in 1.56 ms, found 1 plugins.
Preloading 0 native plugins for Editor in 0.00 ms.
Unloading 2185 Unused Serialized files (Serialized files now loaded: 0)
System memory in use before: 89.6 MB.
System memory in use after: 89.7 MB.

Unloading 17 unused Assets to reduce memory usage. Loaded Objects now: 2631.
Total: 6.948291 ms (FindLiveObjects: 0.282938 ms CreateObjectMapping: 0.129961 ms MarkObjects: 6.446499 ms  DeleteObjects: 0.087127 ms)

AssetImportParameters requested are different than current active one (requested -> active):
  custom:video-decoder-ogg-theora: a1e56fd34408186e4bbccfd4996cb3dc -> 
  custom:container-muxer-webm: aa71ff27fc2769a1b78a27578f13a17b -> 
  custom:container-demuxer-webm: 4f35f7cbe854078d1ac9338744f61a02 -> 
  custom:container-demuxer-ogg: 62fdf1f143b41e24485cea50d1cbac27 -> 
  custom:video-encoder-webm-vp8: eb34c28f22e8b96e1ab97ce403110664 -> 
  custom:video-decoder-webm-vp8: 9c59270c3fd7afecdb556c50c9e8de78 -> 
  custom:graphics/normal-map-encoding: 01000000000000000000000000000000 -> 02000000000000000000000000000000
  custom:audio-decoder-ogg-vorbis: bf7c407c2cedff20999df2af8eb42d56 -> 
  custom:audio-encoder-webm-vorbis: bf7c407c2cedff20999df2af8eb42d56 -> 
========================================================================
Received Prepare
Refreshing native plugins compatible for Editor in 5.38 ms, found 1 plugins.
Preloading 0 native plugins for Editor in 0.00 ms.
Unloading 15 Unused Serialized files (Serialized files now loaded: 0)
System memory in use before: 46.6 MB.
System memory in use after: 46.7 MB.

Unloading 15 unused Assets to reduce memory usage. Loaded Objects now: 2631.
Total: 7.279176 ms (FindLiveObjects: 0.368146 ms CreateObjectMapping: 0.157084 ms MarkObjects: 6.660893 ms  DeleteObjects: 0.091661 ms)

AssetImportParameters requested are different than current active one (requested -> active):
  custom:video-decoder-ogg-theora: a1e56fd34408186e4bbccfd4996cb3dc -> 
  custom:container-muxer-webm: aa71ff27fc2769a1b78a27578f13a17b -> 
  custom:container-demuxer-webm: 4f35f7cbe854078d1ac9338744f61a02 -> 
  custom:container-demuxer-ogg: 62fdf1f143b41e24485cea50d1cbac27 -> 
  custom:video-encoder-webm-vp8: eb34c28f22e8b96e1ab97ce403110664 -> 
  custom:video-decoder-webm-vp8: 9c59270c3fd7afecdb556c50c9e8de78 -> 
  custom:audio-decoder-ogg-vorbis: bf7c407c2cedff20999df2af8eb42d56 -> 
  custom:audio-encoder-webm-vorbis: bf7c407c2cedff20999df2af8eb42d56 -> 
========================================================================
Received Prepare
Refreshing native plugins compatible for Editor in 5.33 ms, found 1 plugins.
Preloading 0 native plugins for Editor in 0.00 ms.
Unloading 15 Unused Serialized files (Serialized files now loaded: 0)
System memory in use before: 46.6 MB.
System memory in use after: 46.7 MB.

Unloading 15 unused Assets to reduce memory usage. Loaded Objects now: 2631.
Total: 8.491610 ms (FindLiveObjects: 0.339599 ms CreateObjectMapping: 0.139929 ms MarkObjects: 7.922520 ms  DeleteObjects: 0.087805 ms)

AssetImportParameters requested are different than current active one (requested -> active):
  custom:video-decoder-ogg-theora: a1e56fd34408186e4bbccfd4996cb3dc -> 
  custom:container-muxer-webm: aa71ff27fc2769a1b78a27578f13a17b -> 
  custom:container-demuxer-webm: 4f35f7cbe854078d1ac9338744f61a02 -> 
  custom:container-demuxer-ogg: 62fdf1f143b41e24485cea50d1cbac27 -> 
  custom:video-encoder-webm-vp8: eb34c28f22e8b96e1ab97ce403110664 -> 
  custom:video-decoder-webm-vp8: 9c59270c3fd7afecdb556c50c9e8de78 -> 
  custom:audio-decoder-ogg-vorbis: bf7c407c2cedff20999df2af8eb42d56 -> 
  custom:audio-encoder-webm-vorbis: bf7c407c2cedff20999df2af8eb42d56 -> 
========================================================================
Received Import Request.
  Time since last request: 824.489540 seconds.
  path: Assets/Prefabs/Ludo/RedPlayer.prefab
  artifactKey: Guid(358b6b2c4ef0156bfb476c982201cf4a) Importer(815301076,1909f56bfc062723c751e8b465ee728b)
Start importing Assets/Prefabs/Ludo/RedPlayer.prefab using Guid(358b6b2c4ef0156bfb476c982201cf4a) Importer(815301076,1909f56bfc062723c751e8b465ee728b)  -> (artifact id: 'c7ba9b6bf4754684a31d21ab73fd8629') in 0.086293 seconds 
  Import took 0.089869 seconds .

========================================================================
Received Import Request.
  Time since last request: 9.407625 seconds.
  path: Assets/Images/ludo/blue_piece_trans.png
  artifactKey: Guid(27ca7d2c2b7f7af9db1ab26b1d8afa40) Importer(815301076,1909f56bfc062723c751e8b465ee728b)
Start importing Assets/Images/ludo/blue_piece_trans.png using Guid(27ca7d2c2b7f7af9db1ab26b1d8afa40) Importer(815301076,1909f56bfc062723c751e8b465ee728b)  -> (artifact id: '2f6ec5cdf8134236ea5a61d4dbe7f7e7') in 0.044170 seconds 
  Import took 0.048260 seconds .

========================================================================
Received Import Request.
  Time since last request: 0.000174 seconds.
  path: Assets/Images/ludo/green_piece_trans.png
  artifactKey: Guid(a00246b73b25edbdcb623103fc9e3894) Importer(815301076,1909f56bfc062723c751e8b465ee728b)
Start importing Assets/Images/ludo/green_piece_trans.png using Guid(a00246b73b25edbdcb623103fc9e3894) Importer(815301076,1909f56bfc062723c751e8b465ee728b)  -> (artifact id: 'ba49a134141e8f755c91ea6766a45911') in 0.008196 seconds 
  Import took 0.012866 seconds .

========================================================================
Received Import Request.
  Time since last request: 0.000152 seconds.
  path: Assets/Images/ludo/placeholder.png
  artifactKey: Guid(e54f35ebff83f62da82e4adaa120f3b8) Importer(815301076,1909f56bfc062723c751e8b465ee728b)
Start importing Assets/Images/ludo/placeholder.png using Guid(e54f35ebff83f62da82e4adaa120f3b8) Importer(815301076,1909f56bfc062723c751e8b465ee728b)  -> (artifact id: 'aa413867dcc457e9993fb9fcbbe738b5') in 0.007536 seconds 
  Import took 0.011182 seconds .

========================================================================
Received Import Request.
  Time since last request: 0.000151 seconds.
  path: Assets/Images/ludo/red_piece_trans.png
  artifactKey: Guid(726efeaa54b9ce1008d92db82717e88f) Importer(815301076,1909f56bfc062723c751e8b465ee728b)
Start importing Assets/Images/ludo/red_piece_trans.png using Guid(726efeaa54b9ce1008d92db82717e88f) Importer(815301076,1909f56bfc062723c751e8b465ee728b)  -> (artifact id: 'efafcfef958e10cdd8a088bdebac3907') in 0.007809 seconds 
  Import took 0.010945 seconds .

========================================================================
Received Import Request.
  Time since last request: 0.000265 seconds.
  path: Assets/Images/ludo/PathPoint.png
  artifactKey: Guid(1a28795bddcd91d029fe898331948bad) Importer(815301076,1909f56bfc062723c751e8b465ee728b)
Start importing Assets/Images/ludo/PathPoint.png using Guid(1a28795bddcd91d029fe898331948bad) Importer(815301076,1909f56bfc062723c751e8b465ee728b)  -> (artifact id: 'd318ad45b0e6467821351e2907aa1ded') in 0.006863 seconds 
  Import took 0.010154 seconds .

========================================================================
Received Import Request.
  Time since last request: 0.000165 seconds.
  path: Assets/Images/ludo/yellow_piece_trans.png
  artifactKey: Guid(a9e658d2cdee6d84b9645f756f8ab7cd) Importer(815301076,1909f56bfc062723c751e8b465ee728b)
Start importing Assets/Images/ludo/yellow_piece_trans.png using Guid(a9e658d2cdee6d84b9645f756f8ab7cd) Importer(815301076,1909f56bfc062723c751e8b465ee728b)  -> (artifact id: 'bb4dc88c888a10b6b18930397d823e2f') in 0.007466 seconds 
  Import took 0.010529 seconds .

========================================================================
Received Import Request.
  Time since last request: 0.000188 seconds.
  path: Assets/Images/ludo/Ludo_Board_main.png
  artifactKey: Guid(9c2a29d10bef3c7aaa6d10b313beb9d3) Importer(815301076,1909f56bfc062723c751e8b465ee728b)
Start importing Assets/Images/ludo/Ludo_Board_main.png using Guid(9c2a29d10bef3c7aaa6d10b313beb9d3) Importer(815301076,1909f56bfc062723c751e8b465ee728b)  -> (artifact id: '91ee372518be4514a5b27f4bb373c02c') in 0.015749 seconds 
  Import took 0.018769 seconds .

========================================================================
Received Import Request.
  Time since last request: 1.355236 seconds.
  path: Assets/Prefabs/Ludo/RedPlayer.prefab
  artifactKey: Guid(358b6b2c4ef0156bfb476c982201cf4a) Importer(815301076,1909f56bfc062723c751e8b465ee728b)
Start importing Assets/Prefabs/Ludo/RedPlayer.prefab using Guid(358b6b2c4ef0156bfb476c982201cf4a) Importer(815301076,1909f56bfc062723c751e8b465ee728b)  -> (artifact id: '760c2ca780046603557a5ff2c915f384') in 0.008864 seconds 
  Import took 0.014157 seconds .

========================================================================
Received Import Request.
  Time since last request: 26.473267 seconds.
  path: Assets/Prefabs/Ludo/RedPlayer.prefab
  artifactKey: Guid(358b6b2c4ef0156bfb476c982201cf4a) Importer(815301076,1909f56bfc062723c751e8b465ee728b)
Start importing Assets/Prefabs/Ludo/RedPlayer.prefab using Guid(358b6b2c4ef0156bfb476c982201cf4a) Importer(815301076,1909f56bfc062723c751e8b465ee728b)  -> (artifact id: '3dff9012252709d48ea3b0ff148e1082') in 0.007822 seconds 
  Import took 0.012234 seconds .

========================================================================
Received Import Request.
  Time since last request: 0.597849 seconds.
  path: Assets/Prefabs/Ludo/RedPlayer.prefab
  artifactKey: Guid(358b6b2c4ef0156bfb476c982201cf4a) Importer(815301076,1909f56bfc062723c751e8b465ee728b)
Start importing Assets/Prefabs/Ludo/RedPlayer.prefab using Guid(358b6b2c4ef0156bfb476c982201cf4a) Importer(815301076,1909f56bfc062723c751e8b465ee728b)  -> (artifact id: 'fb04aa70dcf20933dce050b3d4f9387f') in 0.006720 seconds 
  Import took 0.011079 seconds .

========================================================================
Received Import Request.
  Time since last request: 8.668013 seconds.
  path: Assets/Prefabs/Ludo/RedPlayer.prefab
  artifactKey: Guid(358b6b2c4ef0156bfb476c982201cf4a) Importer(815301076,1909f56bfc062723c751e8b465ee728b)
Start importing Assets/Prefabs/Ludo/RedPlayer.prefab using Guid(358b6b2c4ef0156bfb476c982201cf4a) Importer(815301076,1909f56bfc062723c751e8b465ee728b)  -> (artifact id: '363f3ee54df3df5afdd56cb6cf618d8e') in 0.007642 seconds 
  Import took 0.011357 seconds .

========================================================================
Received Import Request.
  Time since last request: 10.397810 seconds.
  path: Assets/Prefabs/Ludo/BluePlayer 1.prefab
  artifactKey: Guid(385327d5c681ad591b4fcad1a5a63e63) Importer(815301076,1909f56bfc062723c751e8b465ee728b)
Start importing Assets/Prefabs/Ludo/BluePlayer 1.prefab using Guid(385327d5c681ad591b4fcad1a5a63e63) Importer(815301076,1909f56bfc062723c751e8b465ee728b)  -> (artifact id: '27635667a6c0655e5b458639d71edfd1') in 0.007644 seconds 
  Import took 0.011573 seconds .

========================================================================
Received Import Request.
  Time since last request: 9.327997 seconds.
  path: Assets/Prefabs/Ludo/RedPlayer.prefab
  artifactKey: Guid(385327d5c681ad591b4fcad1a5a63e63) Importer(815301076,1909f56bfc062723c751e8b465ee728b)
Start importing Assets/Prefabs/Ludo/RedPlayer.prefab using Guid(385327d5c681ad591b4fcad1a5a63e63) Importer(815301076,1909f56bfc062723c751e8b465ee728b)  -> (artifact id: 'c39ff2d70a5d64b73b0451b326b6de3f') in 0.007264 seconds 
  Import took 0.011044 seconds .

========================================================================
Received Import Request.
  Time since last request: 15.088517 seconds.
  path: Assets/Prefabs/Ludo/RedPlayer.prefab
  artifactKey: Guid(385327d5c681ad591b4fcad1a5a63e63) Importer(815301076,1909f56bfc062723c751e8b465ee728b)
Start importing Assets/Prefabs/Ludo/RedPlayer.prefab using Guid(385327d5c681ad591b4fcad1a5a63e63) Importer(815301076,1909f56bfc062723c751e8b465ee728b)  -> (artifact id: '91841b5d2c7cea58ec77cdf3bd84b8c2') in 0.007362 seconds 
  Import took 0.011193 seconds .

========================================================================
Received Import Request.
  Time since last request: 43.042429 seconds.
  path: Assets/Prefabs/Ludo/BluePlayer.prefab
  artifactKey: Guid(014e8e38eab5405119df0da0f354bb4a) Importer(815301076,1909f56bfc062723c751e8b465ee728b)
Start importing Assets/Prefabs/Ludo/BluePlayer.prefab using Guid(014e8e38eab5405119df0da0f354bb4a) Importer(815301076,1909f56bfc062723c751e8b465ee728b)  -> (artifact id: 'dbe455fed46cb3388a731d31c22ec007') in 0.007131 seconds 
  Import took 0.011273 seconds .

========================================================================
Received Import Request.
  Time since last request: 19.205668 seconds.
  path: Assets/Prefabs/Ludo/BluePlayer (3).prefab
  artifactKey: Guid(659efaa44fbc258149c52823d8e1b463) Importer(815301076,1909f56bfc062723c751e8b465ee728b)
Start importing Assets/Prefabs/Ludo/BluePlayer (3).prefab using Guid(659efaa44fbc258149c52823d8e1b463) Importer(815301076,1909f56bfc062723c751e8b465ee728b)  -> (artifact id: 'be44b23cf4c71c87b6863de576f60c01') in 0.009576 seconds 
  Import took 0.014660 seconds .

========================================================================
Received Import Request.
  Time since last request: 9.498431 seconds.
  path: Assets/Prefabs/Ludo/RedPlayer.prefab
  artifactKey: Guid(659efaa44fbc258149c52823d8e1b463) Importer(815301076,1909f56bfc062723c751e8b465ee728b)
Start importing Assets/Prefabs/Ludo/RedPlayer.prefab using Guid(659efaa44fbc258149c52823d8e1b463) Importer(815301076,1909f56bfc062723c751e8b465ee728b)  -> (artifact id: 'f71035cfb304e6267e14a1d8d897ad7c') in 0.007332 seconds 
  Import took 0.011138 seconds .

========================================================================
Received Import Request.
  Time since last request: 14.937552 seconds.
  path: Assets/Prefabs/Ludo/BluePlayer.prefab
  artifactKey: Guid(014e8e38eab5405119df0da0f354bb4a) Importer(815301076,1909f56bfc062723c751e8b465ee728b)
Start importing Assets/Prefabs/Ludo/BluePlayer.prefab using Guid(014e8e38eab5405119df0da0f354bb4a) Importer(815301076,1909f56bfc062723c751e8b465ee728b)  -> (artifact id: '36860ffea24ebd39bf32f40923ba90db') in 0.008058 seconds 
  Import took 0.011785 seconds .

========================================================================
Received Import Request.
  Time since last request: 12.561474 seconds.
  path: Assets/Prefabs/Ludo/RedPlayer.prefab
  artifactKey: Guid(659efaa44fbc258149c52823d8e1b463) Importer(815301076,1909f56bfc062723c751e8b465ee728b)
Start importing Assets/Prefabs/Ludo/RedPlayer.prefab using Guid(659efaa44fbc258149c52823d8e1b463) Importer(815301076,1909f56bfc062723c751e8b465ee728b)  -> (artifact id: '5504998a3e327eafb89f71e49657b749') in 0.009573 seconds 
  Import took 0.015042 seconds .

========================================================================
Received Import Request.
  Time since last request: 119.069601 seconds.
  path: Assets/Prefabs/Ludo/RedPlayer 1.prefab
  artifactKey: Guid(398b980d89f9631b6806acd2c324349a) Importer(815301076,1909f56bfc062723c751e8b465ee728b)
Start importing Assets/Prefabs/Ludo/RedPlayer 1.prefab using Guid(398b980d89f9631b6806acd2c324349a) Importer(815301076,1909f56bfc062723c751e8b465ee728b)  -> (artifact id: 'c810c36bd487aba441d07de4a8e756f8') in 0.007216 seconds 
  Import took 0.010915 seconds .

========================================================================
Received Import Request.
  Time since last request: 8.509814 seconds.
  path: Assets/Prefabs/Ludo/YellowPlayer.prefab
  artifactKey: Guid(398b980d89f9631b6806acd2c324349a) Importer(815301076,1909f56bfc062723c751e8b465ee728b)
Start importing Assets/Prefabs/Ludo/YellowPlayer.prefab using Guid(398b980d89f9631b6806acd2c324349a) Importer(815301076,1909f56bfc062723c751e8b465ee728b)  -> (artifact id: 'd4bfba725ce525370892b265afb596cb') in 0.010803 seconds 
  Import took 0.017746 seconds .

========================================================================
Received Import Request.
  Time since last request: 6.735340 seconds.
  path: Assets/Prefabs/Ludo/YellowPlayer.prefab
  artifactKey: Guid(398b980d89f9631b6806acd2c324349a) Importer(815301076,1909f56bfc062723c751e8b465ee728b)
Start importing Assets/Prefabs/Ludo/YellowPlayer.prefab using Guid(398b980d89f9631b6806acd2c324349a) Importer(815301076,1909f56bfc062723c751e8b465ee728b)  -> (artifact id: 'a7d9601103a02791e6bf5ad4ccf2041e') in 0.007535 seconds 
  Import took 0.011446 seconds .

========================================================================
Received Import Request.
  Time since last request: 68.811753 seconds.
  path: Assets/Prefabs/Ludo/BluePlayer.prefab
  artifactKey: Guid(014e8e38eab5405119df0da0f354bb4a) Importer(815301076,1909f56bfc062723c751e8b465ee728b)
Start importing Assets/Prefabs/Ludo/BluePlayer.prefab using Guid(014e8e38eab5405119df0da0f354bb4a) Importer(815301076,1909f56bfc062723c751e8b465ee728b)  -> (artifact id: 'c36543c47339953f8cdd87e44569704a') in 0.007723 seconds 
  Import took 0.012259 seconds .

========================================================================
Received Import Request.
  Time since last request: 10.511902 seconds.
  path: Assets/Prefabs/Ludo/RedPlayer 1.prefab
  artifactKey: Guid(398b980d89f9631b6806acd2c324349a) Importer(815301076,1909f56bfc062723c751e8b465ee728b)
Start importing Assets/Prefabs/Ludo/RedPlayer 1.prefab using Guid(398b980d89f9631b6806acd2c324349a) Importer(815301076,1909f56bfc062723c751e8b465ee728b)  -> (artifact id: '0a563175f180b81d24f7c78e32552dfb') in 0.009893 seconds 
  Import took 0.016290 seconds .

========================================================================
Received Import Request.
  Time since last request: 15.574137 seconds.
  path: Assets/Prefabs/Ludo/BluePlayer (3).prefab
  artifactKey: Guid(659efaa44fbc258149c52823d8e1b463) Importer(815301076,1909f56bfc062723c751e8b465ee728b)
Start importing Assets/Prefabs/Ludo/BluePlayer (3).prefab using Guid(659efaa44fbc258149c52823d8e1b463) Importer(815301076,1909f56bfc062723c751e8b465ee728b)  -> (artifact id: '92d7e304219a8bfea593e326a00eb74c') in 0.008515 seconds 
  Import took 0.013162 seconds .

========================================================================
Received Import Request.
  Time since last request: 55.773672 seconds.
  path: Assets/Prefabs/Ludo/BluePlayer.prefab
  artifactKey: Guid(014e8e38eab5405119df0da0f354bb4a) Importer(815301076,1909f56bfc062723c751e8b465ee728b)
Start importing Assets/Prefabs/Ludo/BluePlayer.prefab using Guid(014e8e38eab5405119df0da0f354bb4a) Importer(815301076,1909f56bfc062723c751e8b465ee728b)  -> (artifact id: 'addda5430aa076c38285a4df49ef4db7') in 0.008140 seconds 
  Import took 0.012000 seconds .

========================================================================
Received Import Request.
  Time since last request: 589.673071 seconds.
  path: Assets/Prefabs/Ludo/Player.prefab
  artifactKey: Guid(259ab203523932eb69fcb39c76182852) Importer(815301076,1909f56bfc062723c751e8b465ee728b)
Start importing Assets/Prefabs/Ludo/Player.prefab using Guid(259ab203523932eb69fcb39c76182852) Importer(815301076,1909f56bfc062723c751e8b465ee728b)  -> (artifact id: '5dfc0efb01a51eea63ef8d3fdafd2861') in 0.008422 seconds 
  Import took 0.013020 seconds .

========================================================================
Received Import Request.
  Time since last request: 41.843581 seconds.
  path: Assets/Prefabs/Ludo/BluePlayer.prefab
  artifactKey: Guid(014e8e38eab5405119df0da0f354bb4a) Importer(815301076,1909f56bfc062723c751e8b465ee728b)
Start importing Assets/Prefabs/Ludo/BluePlayer.prefab using Guid(014e8e38eab5405119df0da0f354bb4a) Importer(815301076,1909f56bfc062723c751e8b465ee728b)  -> (artifact id: '3992bd5598ea1a5e8fb2705bd5823bc2') in 0.007341 seconds 
  Import took 0.011386 seconds .

========================================================================
Received Prepare
Refreshing native plugins compatible for Editor in 3.33 ms, found 1 plugins.
Preloading 0 native plugins for Editor in 0.00 ms.
Unloading 15 Unused Serialized files (Serialized files now loaded: 0)
System memory in use before: 48.4 MB.
System memory in use after: 48.4 MB.

Unloading 15 unused Assets to reduce memory usage. Loaded Objects now: 2649.
Total: 5.708363 ms (FindLiveObjects: 0.224184 ms CreateObjectMapping: 0.079525 ms MarkObjects: 5.317945 ms  DeleteObjects: 0.085698 ms)

AssetImportParameters requested are different than current active one (requested -> active):
  custom:video-decoder-ogg-theora: a1e56fd34408186e4bbccfd4996cb3dc -> 
  custom:container-muxer-webm: aa71ff27fc2769a1b78a27578f13a17b -> 
  custom:container-demuxer-webm: 4f35f7cbe854078d1ac9338744f61a02 -> 
  custom:container-demuxer-ogg: 62fdf1f143b41e24485cea50d1cbac27 -> 
  custom:video-encoder-webm-vp8: eb34c28f22e8b96e1ab97ce403110664 -> 
  custom:video-decoder-webm-vp8: 9c59270c3fd7afecdb556c50c9e8de78 -> 
  custom:audio-decoder-ogg-vorbis: bf7c407c2cedff20999df2af8eb42d56 -> 
  custom:audio-encoder-webm-vorbis: bf7c407c2cedff20999df2af8eb42d56 -> 
========================================================================
Received Prepare
Registering precompiled user dll's ...
Registered in 0.003218 seconds.
Begin MonoManager ReloadAssembly
Native extension for LinuxStandalone target not found
Native extension for WebGL target not found
Refreshing native plugins compatible for Editor in 0.50 ms, found 1 plugins.
Preloading 0 native plugins for Editor in 0.00 ms.
Mono: successfully reloaded assembly
- Completed reload, in  1.255 seconds
Domain Reload Profiling:
	ReloadAssembly (1255ms)
		BeginReloadAssembly (101ms)
			ExecutionOrderSort (0ms)
			DisableScriptedObjects (7ms)
			BackupInstance (0ms)
			ReleaseScriptingObjects (0ms)
			CreateAndSetChildDomain (42ms)
		EndReloadAssembly (1086ms)
			LoadAssemblies (77ms)
			RebuildTransferFunctionScriptingTraits (0ms)
			SetupTypeCache (334ms)
			ReleaseScriptCaches (1ms)
			RebuildScriptCaches (53ms)
			SetupLoadedEditorAssemblies (325ms)
				LogAssemblyErrors (0ms)
				InitializePlatformSupportModulesInManaged (6ms)
				SetLoadedEditorAssemblies (1ms)
				RefreshPlugins (1ms)
				BeforeProcessingInitializeOnLoad (76ms)
				ProcessInitializeOnLoadAttributes (225ms)
				ProcessInitializeOnLoadMethodAttributes (11ms)
				AfterProcessingInitializeOnLoad (5ms)
				EditorAssembliesLoaded (0ms)
			ExecutionOrderSort2 (0ms)
			AwakeInstancesAfterBackupRestoration (10ms)
Platform modules already initialized, skipping
Switching build target platform(24) subTarget(0) extendedPlatform(0) -> platform(13) subTarget(537395200) extendedPlatform(0)
Refreshing native plugins compatible for Editor in 1.34 ms, found 1 plugins.
Preloading 0 native plugins for Editor in 0.00 ms.
Unloading 2185 Unused Serialized files (Serialized files now loaded: 0)
System memory in use before: 91.0 MB.
System memory in use after: 91.0 MB.

Unloading 17 unused Assets to reduce memory usage. Loaded Objects now: 2651.
Total: 15.033793 ms (FindLiveObjects: 0.531167 ms CreateObjectMapping: 0.282473 ms MarkObjects: 14.101591 ms  DeleteObjects: 0.114369 ms)

AssetImportParameters requested are different than current active one (requested -> active):
  custom:video-decoder-ogg-theora: a1e56fd34408186e4bbccfd4996cb3dc -> 
  custom:container-muxer-webm: aa71ff27fc2769a1b78a27578f13a17b -> 
  custom:container-demuxer-webm: 4f35f7cbe854078d1ac9338744f61a02 -> 
  custom:container-demuxer-ogg: 62fdf1f143b41e24485cea50d1cbac27 -> 
  custom:video-encoder-webm-vp8: eb34c28f22e8b96e1ab97ce403110664 -> 
  custom:video-decoder-webm-vp8: 9c59270c3fd7afecdb556c50c9e8de78 -> 
  custom:graphics/normal-map-encoding: 01000000000000000000000000000000 -> 02000000000000000000000000000000
  custom:audio-decoder-ogg-vorbis: bf7c407c2cedff20999df2af8eb42d56 -> 
  custom:audio-encoder-webm-vorbis: bf7c407c2cedff20999df2af8eb42d56 -> 
========================================================================
Received Import Request.
  Time since last request: 3839.108044 seconds.
  path: Assets/Prefabs/Ludo/BluePlayer 1.prefab
  artifactKey: Guid(5965bc0a5e676f4e684db806e21b1bb4) Importer(815301076,1909f56bfc062723c751e8b465ee728b)
Start importing Assets/Prefabs/Ludo/BluePlayer 1.prefab using Guid(5965bc0a5e676f4e684db806e21b1bb4) Importer(815301076,1909f56bfc062723c751e8b465ee728b)  -> (artifact id: 'e88a3a4d9c08279bd271e416ab5dcc4f') in 0.267963 seconds 
  Import took 0.271684 seconds .

========================================================================
Received Import Request.
  Time since last request: 7.295171 seconds.
  path: Assets/Prefabs/Ludo/RedPlayer.prefab
  artifactKey: Guid(5965bc0a5e676f4e684db806e21b1bb4) Importer(815301076,1909f56bfc062723c751e8b465ee728b)
Start importing Assets/Prefabs/Ludo/RedPlayer.prefab using Guid(5965bc0a5e676f4e684db806e21b1bb4) Importer(815301076,1909f56bfc062723c751e8b465ee728b)  -> (artifact id: '3c9fe57dc6492268364a7f46654734ae') in 0.007095 seconds 
  Import took 0.010968 seconds .

========================================================================
Received Import Request.
  Time since last request: 30.333077 seconds.
  path: Assets/Prefabs/Ludo/RedPlayer.prefab
  artifactKey: Guid(5965bc0a5e676f4e684db806e21b1bb4) Importer(815301076,1909f56bfc062723c751e8b465ee728b)
Start importing Assets/Prefabs/Ludo/RedPlayer.prefab using Guid(5965bc0a5e676f4e684db806e21b1bb4) Importer(815301076,1909f56bfc062723c751e8b465ee728b)  -> (artifact id: 'd79b096438fe3859642329e1e8c7ce65') in 0.007523 seconds 
  Import took 0.011581 seconds .

========================================================================
Received Import Request.
  Time since last request: 35.176681 seconds.
  path: Assets/Prefabs/Ludo/RedPlayer.prefab
  artifactKey: Guid(5965bc0a5e676f4e684db806e21b1bb4) Importer(815301076,1909f56bfc062723c751e8b465ee728b)
Start importing Assets/Prefabs/Ludo/RedPlayer.prefab using Guid(5965bc0a5e676f4e684db806e21b1bb4) Importer(815301076,1909f56bfc062723c751e8b465ee728b)  -> (artifact id: 'b28b27e3dc48d2971aa8c100208eeb5f') in 0.008198 seconds 
  Import took 0.012709 seconds .

========================================================================
Received Import Request.
  Time since last request: 4.648459 seconds.
  path: Assets/Prefabs/Ludo/RedPlayer.prefab
  artifactKey: Guid(5965bc0a5e676f4e684db806e21b1bb4) Importer(815301076,1909f56bfc062723c751e8b465ee728b)
Start importing Assets/Prefabs/Ludo/RedPlayer.prefab using Guid(5965bc0a5e676f4e684db806e21b1bb4) Importer(815301076,1909f56bfc062723c751e8b465ee728b)  -> (artifact id: 'edaf3423afb0967cc7494271c6c78941') in 0.007012 seconds 
  Import took 0.011010 seconds .

========================================================================
Received Import Request.
  Time since last request: 3.047715 seconds.
  path: Assets/Prefabs/Ludo/RedPlayer.prefab
  artifactKey: Guid(5965bc0a5e676f4e684db806e21b1bb4) Importer(815301076,1909f56bfc062723c751e8b465ee728b)
Start importing Assets/Prefabs/Ludo/RedPlayer.prefab using Guid(5965bc0a5e676f4e684db806e21b1bb4) Importer(815301076,1909f56bfc062723c751e8b465ee728b)  -> (artifact id: '7cadbefab3b6045c9f417953dd2bdc86') in 0.007375 seconds 
  Import took 0.011122 seconds .

========================================================================
Received Import Request.
  Time since last request: 111.434181 seconds.
  path: Assets/Prefabs/Ludo/RedPlayer 1.prefab
  artifactKey: Guid(d67459aee7893bfd7910ebf68d58b8d9) Importer(815301076,1909f56bfc062723c751e8b465ee728b)
Start importing Assets/Prefabs/Ludo/RedPlayer 1.prefab using Guid(d67459aee7893bfd7910ebf68d58b8d9) Importer(815301076,1909f56bfc062723c751e8b465ee728b)  -> (artifact id: 'd3db54135773d2712db9cf8498c07f8a') in 0.009226 seconds 
  Import took 0.014259 seconds .

========================================================================
Received Import Request.
  Time since last request: 6.736465 seconds.
  path: Assets/Prefabs/Ludo/GreenPlayer.prefab
  artifactKey: Guid(d67459aee7893bfd7910ebf68d58b8d9) Importer(815301076,1909f56bfc062723c751e8b465ee728b)
Start importing Assets/Prefabs/Ludo/GreenPlayer.prefab using Guid(d67459aee7893bfd7910ebf68d58b8d9) Importer(815301076,1909f56bfc062723c751e8b465ee728b)  -> (artifact id: 'd14c7281d8e72e71c805bf82181a4684') in 0.077125 seconds 
  Import took 0.084381 seconds .

========================================================================
Received Import Request.
  Time since last request: 6.049985 seconds.
  path: Assets/Prefabs/Ludo/GreenPlayer.prefab
  artifactKey: Guid(d67459aee7893bfd7910ebf68d58b8d9) Importer(815301076,1909f56bfc062723c751e8b465ee728b)
Start importing Assets/Prefabs/Ludo/GreenPlayer.prefab using Guid(d67459aee7893bfd7910ebf68d58b8d9) Importer(815301076,1909f56bfc062723c751e8b465ee728b)  -> (artifact id: '2ec3ac27e5ec5943009c8bd7134e2ab8') in 0.008859 seconds 
  Import took 0.013565 seconds .

========================================================================
Received Import Request.
  Time since last request: 91.793219 seconds.
  path: Assets/Prefabs/Ludo/RedPlayer 1.prefab
  artifactKey: Guid(f1149efce8087d1d0b3d132890eeee50) Importer(815301076,1909f56bfc062723c751e8b465ee728b)
Start importing Assets/Prefabs/Ludo/RedPlayer 1.prefab using Guid(f1149efce8087d1d0b3d132890eeee50) Importer(815301076,1909f56bfc062723c751e8b465ee728b)  -> (artifact id: 'ed040756298293b78dd683a5d97bb70a') in 0.007203 seconds 
  Import took 0.011091 seconds .

========================================================================
Received Import Request.
  Time since last request: 6.808469 seconds.
  path: Assets/Prefabs/Ludo/YellowPlayer.prefab
  artifactKey: Guid(f1149efce8087d1d0b3d132890eeee50) Importer(815301076,1909f56bfc062723c751e8b465ee728b)
Start importing Assets/Prefabs/Ludo/YellowPlayer.prefab using Guid(f1149efce8087d1d0b3d132890eeee50) Importer(815301076,1909f56bfc062723c751e8b465ee728b)  -> (artifact id: 'fbe2b1ee63371f6621091a8decbcc987') in 0.007646 seconds 
  Import took 0.011196 seconds .

========================================================================
Received Import Request.
  Time since last request: 12.663869 seconds.
  path: Assets/Prefabs/Ludo/YellowPlayer.prefab
  artifactKey: Guid(f1149efce8087d1d0b3d132890eeee50) Importer(815301076,1909f56bfc062723c751e8b465ee728b)
Start importing Assets/Prefabs/Ludo/YellowPlayer.prefab using Guid(f1149efce8087d1d0b3d132890eeee50) Importer(815301076,1909f56bfc062723c751e8b465ee728b)  -> (artifact id: 'a6b172220a6f8da8b11da8dc58134bd0') in 0.009278 seconds 
  Import took 0.014150 seconds .

========================================================================
Received Prepare
Registering precompiled user dll's ...
Registered in 0.003732 seconds.
Begin MonoManager ReloadAssembly
Native extension for LinuxStandalone target not found
Native extension for WebGL target not found
Refreshing native plugins compatible for Editor in 0.76 ms, found 1 plugins.
Preloading 0 native plugins for Editor in 0.00 ms.
Mono: successfully reloaded assembly
- Completed reload, in  1.242 seconds
Domain Reload Profiling:
	ReloadAssembly (1242ms)
		BeginReloadAssembly (104ms)
			ExecutionOrderSort (0ms)
			DisableScriptedObjects (8ms)
			BackupInstance (0ms)
			ReleaseScriptingObjects (0ms)
			CreateAndSetChildDomain (44ms)
		EndReloadAssembly (1067ms)
			LoadAssemblies (78ms)
			RebuildTransferFunctionScriptingTraits (0ms)
			SetupTypeCache (384ms)
			ReleaseScriptCaches (1ms)
			RebuildScriptCaches (64ms)
			SetupLoadedEditorAssemblies (375ms)
				LogAssemblyErrors (0ms)
				InitializePlatformSupportModulesInManaged (9ms)
				SetLoadedEditorAssemblies (1ms)
				RefreshPlugins (1ms)
				BeforeProcessingInitializeOnLoad (109ms)
				ProcessInitializeOnLoadAttributes (236ms)
				ProcessInitializeOnLoadMethodAttributes (14ms)
				AfterProcessingInitializeOnLoad (5ms)
				EditorAssembliesLoaded (0ms)
			ExecutionOrderSort2 (0ms)
			AwakeInstancesAfterBackupRestoration (11ms)
Platform modules already initialized, skipping
Switching build target platform(24) subTarget(0) extendedPlatform(0) -> platform(13) subTarget(537395200) extendedPlatform(0)
Refreshing native plugins compatible for Editor in 0.47 ms, found 1 plugins.
Preloading 0 native plugins for Editor in 0.00 ms.
Unloading 2185 Unused Serialized files (Serialized files now loaded: 0)
System memory in use before: 91.0 MB.
System memory in use after: 91.0 MB.

Unloading 17 unused Assets to reduce memory usage. Loaded Objects now: 2654.
Total: 5.743712 ms (FindLiveObjects: 0.221593 ms CreateObjectMapping: 0.090607 ms MarkObjects: 5.365822 ms  DeleteObjects: 0.064285 ms)

AssetImportParameters requested are different than current active one (requested -> active):
  custom:video-decoder-ogg-theora: a1e56fd34408186e4bbccfd4996cb3dc -> 
  custom:container-muxer-webm: aa71ff27fc2769a1b78a27578f13a17b -> 
  custom:container-demuxer-webm: 4f35f7cbe854078d1ac9338744f61a02 -> 
  custom:container-demuxer-ogg: 62fdf1f143b41e24485cea50d1cbac27 -> 
  custom:video-encoder-webm-vp8: eb34c28f22e8b96e1ab97ce403110664 -> 
  custom:video-decoder-webm-vp8: 9c59270c3fd7afecdb556c50c9e8de78 -> 
  custom:graphics/normal-map-encoding: 01000000000000000000000000000000 -> 02000000000000000000000000000000
  custom:audio-decoder-ogg-vorbis: bf7c407c2cedff20999df2af8eb42d56 -> 
  custom:audio-encoder-webm-vorbis: bf7c407c2cedff20999df2af8eb42d56 -> 
========================================================================
Received Import Request.
  Time since last request: 588.246773 seconds.
  path: Assets/Images/ludo/placeholder.prefab
  artifactKey: Guid(d2288218d872209f1be942d7efa353c4) Importer(815301076,1909f56bfc062723c751e8b465ee728b)
Start importing Assets/Images/ludo/placeholder.prefab using Guid(d2288218d872209f1be942d7efa353c4) Importer(815301076,1909f56bfc062723c751e8b465ee728b)  -> (artifact id: '55333d117e504256da9d4e692d85834f') in 0.074187 seconds 
  Import took 0.079385 seconds .

========================================================================
Received Import Request.
  Time since last request: 115.809935 seconds.
  path: Assets/Prefabs/Ludo/placeholder.prefab
  artifactKey: Guid(2a736a6300dd29a14ae142658f9f4c2b) Importer(815301076,1909f56bfc062723c751e8b465ee728b)
Start importing Assets/Prefabs/Ludo/placeholder.prefab using Guid(2a736a6300dd29a14ae142658f9f4c2b) Importer(815301076,1909f56bfc062723c751e8b465ee728b)  -> (artifact id: '83ac90d13fde9e5d593eee9b2c460463') in 0.007085 seconds 
  Import took 0.011643 seconds .

========================================================================
Received Import Request.
  Time since last request: 15.770160 seconds.
  path: Assets/Prefabs/Ludo/placeholder.prefab
  artifactKey: Guid(2a736a6300dd29a14ae142658f9f4c2b) Importer(815301076,1909f56bfc062723c751e8b465ee728b)
Start importing Assets/Prefabs/Ludo/placeholder.prefab using Guid(2a736a6300dd29a14ae142658f9f4c2b) Importer(815301076,1909f56bfc062723c751e8b465ee728b)  -> (artifact id: '8e60d3e52184cc3131f22a53398a6c41') in 0.007251 seconds 
  Import took 0.010996 seconds .

========================================================================
Received Import Request.
  Time since last request: 630.257363 seconds.
  path: Assets/Prefabs/Ludo/placeholder.prefab
  artifactKey: Guid(2a736a6300dd29a14ae142658f9f4c2b) Importer(815301076,1909f56bfc062723c751e8b465ee728b)
Start importing Assets/Prefabs/Ludo/placeholder.prefab using Guid(2a736a6300dd29a14ae142658f9f4c2b) Importer(815301076,1909f56bfc062723c751e8b465ee728b)  -> (artifact id: 'c1e9a6d90ed8c9d1367208e6917cdd41') in 0.008294 seconds 
  Import took 0.012106 seconds .

